────────────────────────────────────────────────────────
 BENCHMARK: Train · TiedTeacher
────────────────────────────────────────────────────────
 device  : cuda
 gpu     : NVIDIA RTX PRO 6000 Blackwell Server Edition
 dtype   : torch.bfloat16
 batch   : 16   warmup: 5   steps: 50   passes: 2   T: 3.0
 teacher : {'dim': 1024, 'q_heads': 8, 'kv_heads': 2, 'n_layers': 16, 'ffn_dim': 2816}
 student : {'dim': 1024, 'q_heads': 8, 'kv_heads': 2, 'n_layers': 8, 'ffn_dim': 2816}


── vocab=32k  seq=512 ──────────────────────────────────
  pass 1/2 (↓ top-down)
    torch-compile      43.61 ms        4358.5 MB
             orda      43.13 ms        3169.1 MB
  pass 2/2 (↑ bottom-up)
             orda      43.14 ms        3169.1 MB
    torch-compile      43.58 ms        4359.4 MB
  average
    torch-compile      43.59 ms        4358.9 MB
             orda      43.13 ms        3169.1 MB
  Δ orda vs torch-compile   -0.46 ms (-1.1%)   -1189.8 MB (-27.3%)

── vocab=32k  seq=1024 ─────────────────────────────────
  pass 1/2 (↓ top-down)
    torch-compile      85.33 ms        8032.0 MB
             orda      84.23 ms        5322.0 MB
  pass 2/2 (↑ bottom-up)
             orda      84.23 ms        5322.0 MB
    torch-compile      85.37 ms        8032.0 MB
  average
    torch-compile      85.35 ms        8032.0 MB
             orda      84.23 ms        5322.0 MB
  Δ orda vs torch-compile   -1.12 ms (-1.3%)   -2710.0 MB (-33.7%)

── vocab=32k  seq=2048 ─────────────────────────────────
  pass 1/2 (↓ top-down)
    torch-compile     182.35 ms       15377.3 MB
             orda     179.37 ms        9626.8 MB
  pass 2/2 (↑ bottom-up)
             orda     179.59 ms        9626.8 MB
    torch-compile     183.20 ms       15377.3 MB
  average
    torch-compile     182.78 ms       15377.3 MB
             orda     179.48 ms        9626.8 MB
  Δ orda vs torch-compile   -3.30 ms (-1.8%)   -5750.5 MB (-37.4%)

── vocab=32k  seq=4096 ─────────────────────────────────
  pass 1/2 (↓ top-down)
    torch-compile     395.14 ms       30068.9 MB
             orda     392.03 ms       18329.5 MB
  pass 2/2 (↑ bottom-up)
             orda     392.04 ms       18329.5 MB
    torch-compile     398.18 ms       30068.9 MB
  average
    torch-compile     396.66 ms       30068.9 MB
             orda     392.03 ms       18329.5 MB
  Δ orda vs torch-compile   -4.63 ms (-1.2%)   -11739.5 MB (-39.0%)

── vocab=64k  seq=512 ──────────────────────────────────
  pass 1/2 (↓ top-down)
    torch-compile      55.85 ms        6023.4 MB
             orda      54.11 ms        3356.1 MB
  pass 2/2 (↑ bottom-up)
             orda      54.11 ms        3356.1 MB
    torch-compile      55.85 ms        6023.4 MB
  average
    torch-compile      55.85 ms        6023.4 MB
             orda      54.11 ms        3356.1 MB
  Δ orda vs torch-compile   -1.75 ms (-3.1%)   -2667.3 MB (-44.3%)

── vocab=64k  seq=1024 ─────────────────────────────────
  pass 1/2 (↓ top-down)
    torch-compile     110.62 ms       11232.0 MB
             orda     105.64 ms        5508.5 MB
  pass 2/2 (↑ bottom-up)
             orda     105.63 ms        5508.5 MB
    torch-compile     110.72 ms       11232.0 MB
  average
    torch-compile     110.67 ms       11232.0 MB
             orda     105.63 ms        5508.5 MB
  Δ orda vs torch-compile   -5.04 ms (-4.6%)   -5723.5 MB (-51.0%)

── vocab=64k  seq=2048 ─────────────────────────────────
  pass 1/2 (↓ top-down)
    torch-compile     231.17 ms       21649.4 MB
             orda     222.05 ms        9813.3 MB
  pass 2/2 (↑ bottom-up)
             orda     222.61 ms        9813.3 MB
    torch-compile     232.66 ms       21649.4 MB
  average
    torch-compile     231.92 ms       21649.4 MB
             orda     222.33 ms        9813.3 MB
  Δ orda vs torch-compile   -9.59 ms (-4.1%)   -11836.0 MB (-54.7%)

── vocab=64k  seq=4096 ─────────────────────────────────
  pass 1/2 (↓ top-down)
    torch-compile     497.07 ms       42485.0 MB
             orda     478.71 ms       18521.5 MB
  pass 2/2 (↑ bottom-up)
             orda     479.11 ms       18521.5 MB
    torch-compile     498.76 ms       42485.0 MB
  average
    torch-compile     497.92 ms       42485.0 MB
             orda     478.91 ms       18521.5 MB
  Δ orda vs torch-compile   -19.01 ms (-3.8%)   -23963.5 MB (-56.4%)

── vocab=128k  seq=512 ─────────────────────────────────
  pass 1/2 (↓ top-down)
    torch-compile      77.82 ms        9351.4 MB
             orda      74.13 ms        3996.1 MB
  pass 2/2 (↑ bottom-up)
             orda      74.10 ms        3996.1 MB
    torch-compile      77.79 ms        9351.4 MB
  average
    torch-compile      77.81 ms        9351.4 MB
             orda      74.12 ms        3996.1 MB
  Δ orda vs torch-compile   -3.69 ms (-4.7%)   -5355.2 MB (-57.3%)

── vocab=128k  seq=1024 ────────────────────────────────
  pass 1/2 (↓ top-down)
    torch-compile     153.51 ms       17632.0 MB
             orda     144.79 ms        6148.5 MB
  pass 2/2 (↑ bottom-up)
             orda     144.97 ms        6148.5 MB
    torch-compile     153.98 ms       17632.0 MB
  average
    torch-compile     153.75 ms       17632.0 MB
             orda     144.88 ms        6148.5 MB
  Δ orda vs torch-compile   -8.86 ms (-5.8%)   -11483.5 MB (-65.1%)

── vocab=128k  seq=2048 ────────────────────────────────
  pass 1/2 (↓ top-down)
    torch-compile     318.90 ms       34193.3 MB
             orda     302.08 ms       10453.3 MB
  pass 2/2 (↑ bottom-up)
             orda     303.21 ms       10453.3 MB
    torch-compile     320.95 ms       34193.3 MB
  average
    torch-compile     319.92 ms       34193.3 MB
             orda     302.64 ms       10453.3 MB
  Δ orda vs torch-compile   -17.28 ms (-5.4%)   -23740.0 MB (-69.4%)

── vocab=128k  seq=4096 ────────────────────────────────
  pass 1/2 (↓ top-down)
    torch-compile     676.13 ms       67316.9 MB
             orda     638.28 ms       19063.9 MB
  pass 2/2 (↑ bottom-up)
             orda     638.39 ms       19063.9 MB
    torch-compile     678.86 ms       67316.9 MB
  average
    torch-compile     677.50 ms       67316.9 MB
             orda     638.33 ms       19063.9 MB
  Δ orda vs torch-compile   -39.16 ms (-5.8%)   -48252.9 MB (-71.7%)

── vocab=256k  seq=512 ─────────────────────────────────
  pass 1/2 (↓ top-down)
    torch-compile     129.40 ms       16007.4 MB
             orda     116.85 ms        5276.1 MB
  pass 2/2 (↑ bottom-up)
             orda     116.89 ms        5276.1 MB
    torch-compile     129.47 ms       16007.4 MB
  average
    torch-compile     129.43 ms       16007.4 MB
             orda     116.87 ms        5276.1 MB
  Δ orda vs torch-compile   -12.56 ms (-9.7%)   -10731.3 MB (-67.0%)

── vocab=256k  seq=1024 ────────────────────────────────
  pass 1/2 (↓ top-down)
    torch-compile     256.67 ms       30432.1 MB
             orda     229.74 ms        7428.5 MB
  pass 2/2 (↑ bottom-up)
             orda     230.33 ms        7428.5 MB
    torch-compile     258.29 ms       30432.1 MB
  average
    torch-compile     257.48 ms       30432.1 MB
             orda     230.04 ms        7428.5 MB
  Δ orda vs torch-compile   -27.44 ms (-10.7%)   -23003.6 MB (-75.6%)

── vocab=256k  seq=2048 ────────────────────────────────
  pass 1/2 (↓ top-down)
    torch-compile     530.55 ms       59281.5 MB
             orda     472.03 ms       11733.3 MB
  pass 2/2 (↑ bottom-up)
             orda     472.16 ms       11733.3 MB
    torch-compile     533.10 ms       59281.5 MB
  average
    torch-compile     531.82 ms       59281.5 MB
             orda     472.09 ms       11733.3 MB
  Δ orda vs torch-compile   -59.73 ms (-11.2%)   -47548.2 MB (-80.2%)

── vocab=256k  seq=4096 ────────────────────────────────
  pass 1/2 (↓ top-down)
    torch-compile        OOM ms           OOM MB
             orda     973.13 ms       20343.9 MB
  pass 2/2 (↑ bottom-up)
             orda     975.32 ms       20343.9 MB
    torch-compile        OOM ms           OOM MB
  average
    torch-compile        OOM ms           OOM MB
             orda     974.23 ms       20343.9 MB
────────────────────────────────────────────────────────
 SUMMARY
────────────────────────────────────────────────────────
 vocab | seq  | mode          | ms/step | peakVRAM MB
 ------|------|---------------|---------|------------
   32k |  512 | torch-compile |   43.59 |      4358.9
   32k |  512 | orda          |   43.13 |      3169.1
   32k | 1024 | torch-compile |   85.35 |      8032.0
   32k | 1024 | orda          |   84.23 |      5322.0
   32k | 2048 | torch-compile |  182.78 |     15377.3
   32k | 2048 | orda          |  179.48 |      9626.8
   32k | 4096 | torch-compile |  396.66 |     30068.9
   32k | 4096 | orda          |  392.03 |     18329.5
   64k |  512 | torch-compile |   55.85 |      6023.4
   64k |  512 | orda          |   54.11 |      3356.1
   64k | 1024 | torch-compile |  110.67 |     11232.0
   64k | 1024 | orda          |  105.63 |      5508.5
   64k | 2048 | torch-compile |  231.92 |     21649.4
   64k | 2048 | orda          |  222.33 |      9813.3
   64k | 4096 | torch-compile |  497.92 |     42485.0
   64k | 4096 | orda          |  478.91 |     18521.5
  128k |  512 | torch-compile |   77.81 |      9351.4
  128k |  512 | orda          |   74.12 |      3996.1
  128k | 1024 | torch-compile |  153.75 |     17632.0
  128k | 1024 | orda          |  144.88 |      6148.5
  128k | 2048 | torch-compile |  319.92 |     34193.3
  128k | 2048 | orda          |  302.64 |     10453.3
  128k | 4096 | torch-compile |  677.50 |     67316.9
  128k | 4096 | orda          |  638.33 |     19063.9
  256k |  512 | torch-compile |  129.43 |     16007.4
  256k |  512 | orda          |  116.87 |      5276.1
  256k | 1024 | torch-compile |  257.48 |     30432.1
  256k | 1024 | orda          |  230.04 |      7428.5
  256k | 2048 | torch-compile |  531.82 |     59281.5
  256k | 2048 | orda          |  472.09 |     11733.3
  256k | 4096 | torch-compile |     OOM |         OOM
  256k | 4096 | orda          |  974.23 |     20343.9

 ORDA vs torch-compile
 vocab | seq  | Δms    | Δms%   | ΔVRAM MB | ΔVRAM%
 ------|------|--------|--------|----------|-------
   32k |  512 |  -0.46 |  -1.1% |  -1189.8 | -27.3%
   32k | 1024 |  -1.12 |  -1.3% |  -2710.0 | -33.7%
   32k | 2048 |  -3.30 |  -1.8% |  -5750.5 | -37.4%
   32k | 4096 |  -4.63 |  -1.2% | -11739.5 | -39.0%
   64k |  512 |  -1.75 |  -3.1% |  -2667.3 | -44.3%
   64k | 1024 |  -5.04 |  -4.6% |  -5723.5 | -51.0%
   64k | 2048 |  -9.59 |  -4.1% | -11836.0 | -54.7%
   64k | 4096 | -19.01 |  -3.8% | -23963.5 | -56.4%
  128k |  512 |  -3.69 |  -4.7% |  -5355.2 | -57.3%
  128k | 1024 |  -8.86 |  -5.8% | -11483.5 | -65.1%
  128k | 2048 | -17.28 |  -5.4% | -23740.0 | -69.4%
  128k | 4096 | -39.16 |  -5.8% | -48252.9 | -71.7%
  256k |  512 | -12.56 |  -9.7% | -10731.3 | -67.0%
  256k | 1024 | -27.44 | -10.7% | -23003.6 | -75.6%
  256k | 2048 | -59.73 | -11.2% | -47548.2 | -80.2%
  256k | 4096 |    OOM |    OOM |      OOM |    OOM