────────────────────────────────────────────────────────
 BENCHMARK: Train · SeparateTeacher student
────────────────────────────────────────────────────────
 device  : cuda
 gpu     : NVIDIA B200
 dtype   : torch.bfloat16
 batch   : 16   warmup: 5   steps: 50   passes: 2   T: 3.0
 teacher : {'dim': 1024, 'q_heads': 8, 'kv_heads': 2, 'n_layers': 16, 'ffn_dim': 2816}
 student : {'dim': 1024, 'q_heads': 8, 'kv_heads': 2, 'n_layers': 8, 'ffn_dim': 2816}


── vocab=32k  seq=512 ──────────────────────────────────
  pass 1/2 (↓ top-down)
    torch-compile      15.33 ms        4341.4 MB
             orda      15.14 ms        3031.2 MB
  pass 2/2 (↑ bottom-up)
             orda      15.14 ms        3031.2 MB
    torch-compile      15.31 ms        4343.3 MB
  average
    torch-compile      15.32 ms        4342.4 MB
             orda      15.14 ms        3031.2 MB
  Δ orda vs torch-compile   -0.18 ms (-1.2%)   -1311.2 MB (-30.2%)

── vocab=32k  seq=1024 ─────────────────────────────────
  pass 1/2 (↓ top-down)
    torch-compile      31.18 ms        7999.9 MB
             orda      31.08 ms        5183.6 MB
  pass 2/2 (↑ bottom-up)
             orda      31.00 ms        5183.6 MB
    torch-compile      31.20 ms        7999.9 MB
  average
    torch-compile      31.19 ms        7999.9 MB
             orda      31.04 ms        5183.6 MB
  Δ orda vs torch-compile   -0.15 ms (-0.5%)   -2816.3 MB (-35.2%)

── vocab=32k  seq=2048 ─────────────────────────────────
  pass 1/2 (↓ top-down)
    torch-compile      68.82 ms       15313.1 MB
             orda      68.02 ms        9543.2 MB
  pass 2/2 (↑ bottom-up)
             orda      68.39 ms        9543.2 MB
    torch-compile      68.78 ms       15313.1 MB
  average
    torch-compile      68.80 ms       15313.1 MB
             orda      68.21 ms        9543.2 MB
  Δ orda vs torch-compile   -0.60 ms (-0.9%)   -5769.8 MB (-37.7%)

── vocab=32k  seq=4096 ─────────────────────────────────
  pass 1/2 (↓ top-down)
    torch-compile     167.70 ms       29940.4 MB
             orda     165.83 ms       18329.2 MB
  pass 2/2 (↑ bottom-up)
             orda     166.30 ms       18329.2 MB
    torch-compile     167.29 ms       29940.4 MB
  average
    torch-compile     167.50 ms       29940.4 MB
             orda     166.06 ms       18329.2 MB
  Δ orda vs torch-compile   -1.43 ms (-0.9%)   -11611.2 MB (-38.8%)

── vocab=64k  seq=512 ──────────────────────────────────
  pass 1/2 (↓ top-down)
    torch-compile      18.85 ms        6007.3 MB
             orda      18.95 ms        3239.1 MB
  pass 2/2 (↑ bottom-up)
             orda      18.95 ms        3239.1 MB
    torch-compile      18.82 ms        6007.3 MB
  average
    torch-compile      18.83 ms        6007.3 MB
             orda      18.95 ms        3239.1 MB
  Δ orda vs torch-compile   +0.11 ms (+0.6%)   -2768.2 MB (-46.1%)

── vocab=64k  seq=1024 ─────────────────────────────────
  pass 1/2 (↓ top-down)
    torch-compile      37.89 ms       11199.9 MB
             orda      38.20 ms        5407.5 MB
  pass 2/2 (↑ bottom-up)
             orda      38.20 ms        5407.5 MB
    torch-compile      38.10 ms       11199.9 MB
  average
    torch-compile      38.00 ms       11199.9 MB
             orda      38.20 ms        5407.5 MB
  Δ orda vs torch-compile   +0.20 ms (+0.5%)   -5792.4 MB (-51.7%)

── vocab=64k  seq=2048 ─────────────────────────────────
  pass 1/2 (↓ top-down)
    torch-compile      81.68 ms       21585.1 MB
             orda      82.18 ms        9744.3 MB
  pass 2/2 (↑ bottom-up)
             orda      82.04 ms        9744.3 MB
    torch-compile      81.96 ms       21585.1 MB
  average
    torch-compile      81.82 ms       21585.1 MB
             orda      82.11 ms        9744.3 MB
  Δ orda vs torch-compile   +0.29 ms (+0.4%)   -11840.8 MB (-54.9%)

── vocab=64k  seq=4096 ─────────────────────────────────
  pass 1/2 (↓ top-down)
    torch-compile     194.41 ms       42356.5 MB
             orda     194.40 ms       18521.2 MB
  pass 2/2 (↑ bottom-up)
             orda     194.45 ms       18521.2 MB
    torch-compile     196.23 ms       42356.5 MB
  average
    torch-compile     195.32 ms       42356.5 MB
             orda     194.42 ms       18521.2 MB
  Δ orda vs torch-compile   -0.90 ms (-0.5%)   -23835.2 MB (-56.3%)

── vocab=128k  seq=512 ─────────────────────────────────
  pass 1/2 (↓ top-down)
    torch-compile      25.17 ms        7303.1 MB
             orda      25.91 ms        3751.1 MB
  pass 2/2 (↑ bottom-up)
             orda      25.83 ms        3751.1 MB
    torch-compile      25.09 ms        7303.1 MB
  average
    torch-compile      25.13 ms        7303.1 MB
             orda      25.87 ms        3751.1 MB
  Δ orda vs torch-compile   +0.74 ms (+2.9%)   -3552.0 MB (-48.6%)

── vocab=128k  seq=1024 ────────────────────────────────
  pass 1/2 (↓ top-down)
    torch-compile      50.18 ms       13535.5 MB
             orda      52.20 ms        5919.5 MB
  pass 2/2 (↑ bottom-up)
             orda      52.41 ms        5919.5 MB
    torch-compile      49.99 ms       13535.5 MB
  average
    torch-compile      50.09 ms       13535.5 MB
             orda      52.30 ms        5919.5 MB
  Δ orda vs torch-compile   +2.22 ms (+4.4%)   -7616.0 MB (-56.3%)

── vocab=128k  seq=2048 ────────────────────────────────
  pass 1/2 (↓ top-down)
    torch-compile     107.14 ms       26000.3 MB
             orda     110.12 ms       10256.3 MB
  pass 2/2 (↑ bottom-up)
             orda     110.28 ms       10256.3 MB
    torch-compile     107.47 ms       26000.3 MB
  average
    torch-compile     107.30 ms       26000.3 MB
             orda     110.20 ms       10256.3 MB
  Δ orda vs torch-compile   +2.89 ms (+2.7%)   -15744.0 MB (-60.6%)

── vocab=128k  seq=4096 ────────────────────────────────
  pass 1/2 (↓ top-down)
    torch-compile     246.71 ms       50930.9 MB
             orda     250.82 ms       18930.9 MB
  pass 2/2 (↑ bottom-up)
             orda     251.97 ms       18930.9 MB
    torch-compile     246.73 ms       50930.9 MB
  average
    torch-compile     246.72 ms       50930.9 MB
             orda     251.40 ms       18930.9 MB
  Δ orda vs torch-compile   +4.68 ms (+1.9%)   -32000.0 MB (-62.8%)

── vocab=256k  seq=512 ─────────────────────────────────
  pass 1/2 (↓ top-down)
    torch-compile      39.91 ms       15991.4 MB
             orda      40.17 ms        4775.1 MB
  pass 2/2 (↑ bottom-up)
             orda      40.16 ms        4775.1 MB
    torch-compile      39.69 ms       15991.4 MB
  average
    torch-compile      39.80 ms       15991.4 MB
             orda      40.17 ms        4775.1 MB
  Δ orda vs torch-compile   +0.36 ms (+0.9%)   -11216.2 MB (-70.1%)

── vocab=256k  seq=1024 ────────────────────────────────
  pass 1/2 (↓ top-down)
    torch-compile      78.27 ms       30400.0 MB
             orda      79.51 ms        6943.5 MB
  pass 2/2 (↑ bottom-up)
             orda      79.28 ms        6943.5 MB
    torch-compile      79.30 ms       30400.0 MB
  average
    torch-compile      78.78 ms       30400.0 MB
             orda      79.39 ms        6943.5 MB
  Δ orda vs torch-compile   +0.61 ms (+0.8%)   -23456.5 MB (-77.2%)

── vocab=256k  seq=2048 ────────────────────────────────
  pass 1/2 (↓ top-down)
    torch-compile     165.01 ms       59217.3 MB
             orda     163.25 ms       11280.3 MB
  pass 2/2 (↑ bottom-up)
             orda     163.32 ms       11280.3 MB
    torch-compile     164.71 ms       59217.3 MB
  average
    torch-compile     164.86 ms       59217.3 MB
             orda     163.28 ms       11280.3 MB
  Δ orda vs torch-compile   -1.57 ms (-1.0%)   -47937.0 MB (-81.0%)

── vocab=256k  seq=4096 ────────────────────────────────
  pass 1/2 (↓ top-down)
    torch-compile     368.15 ms      116852.9 MB
             orda     356.21 ms       19954.9 MB
  pass 2/2 (↑ bottom-up)
             orda     357.40 ms       19954.9 MB
    torch-compile     369.10 ms      116852.9 MB
  average
    torch-compile     368.62 ms      116852.9 MB
             orda     356.81 ms       19954.9 MB
  Δ orda vs torch-compile   -11.81 ms (-3.2%)   -96898.0 MB (-82.9%)
────────────────────────────────────────────────────────
 SUMMARY
────────────────────────────────────────────────────────
 vocab | seq  | mode          | ms/step | peakVRAM MB
 ------|------|---------------|---------|------------
   32k |  512 | torch-compile |   15.32 |      4342.4
   32k |  512 | orda          |   15.14 |      3031.2
   32k | 1024 | torch-compile |   31.19 |      7999.9
   32k | 1024 | orda          |   31.04 |      5183.6
   32k | 2048 | torch-compile |   68.80 |     15313.1
   32k | 2048 | orda          |   68.21 |      9543.2
   32k | 4096 | torch-compile |  167.50 |     29940.4
   32k | 4096 | orda          |  166.06 |     18329.2
   64k |  512 | torch-compile |   18.83 |      6007.3
   64k |  512 | orda          |   18.95 |      3239.1
   64k | 1024 | torch-compile |   38.00 |     11199.9
   64k | 1024 | orda          |   38.20 |      5407.5
   64k | 2048 | torch-compile |   81.82 |     21585.1
   64k | 2048 | orda          |   82.11 |      9744.3
   64k | 4096 | torch-compile |  195.32 |     42356.5
   64k | 4096 | orda          |  194.42 |     18521.2
  128k |  512 | torch-compile |   25.13 |      7303.1
  128k |  512 | orda          |   25.87 |      3751.1
  128k | 1024 | torch-compile |   50.09 |     13535.5
  128k | 1024 | orda          |   52.30 |      5919.5
  128k | 2048 | torch-compile |  107.30 |     26000.3
  128k | 2048 | orda          |  110.20 |     10256.3
  128k | 4096 | torch-compile |  246.72 |     50930.9
  128k | 4096 | orda          |  251.40 |     18930.9
  256k |  512 | torch-compile |   39.80 |     15991.4
  256k |  512 | orda          |   40.17 |      4775.1
  256k | 1024 | torch-compile |   78.78 |     30400.0
  256k | 1024 | orda          |   79.39 |      6943.5
  256k | 2048 | torch-compile |  164.86 |     59217.3
  256k | 2048 | orda          |  163.28 |     11280.3
  256k | 4096 | torch-compile |  368.62 |    116852.9
  256k | 4096 | orda          |  356.81 |     19954.9

 ORDA vs torch-compile
 vocab | seq  | Δms    | Δms%  | ΔVRAM MB | ΔVRAM%
 ------|------|--------|-------|----------|-------
   32k |  512 |  -0.18 | -1.2% |  -1311.2 | -30.2%
   32k | 1024 |  -0.15 | -0.5% |  -2816.3 | -35.2%
   32k | 2048 |  -0.60 | -0.9% |  -5769.8 | -37.7%
   32k | 4096 |  -1.43 | -0.9% | -11611.2 | -38.8%
   64k |  512 |  +0.11 | +0.6% |  -2768.2 | -46.1%
   64k | 1024 |  +0.20 | +0.5% |  -5792.4 | -51.7%
   64k | 2048 |  +0.29 | +0.4% | -11840.8 | -54.9%
   64k | 4096 |  -0.90 | -0.5% | -23835.2 | -56.3%
  128k |  512 |  +0.74 | +2.9% |  -3552.0 | -48.6%
  128k | 1024 |  +2.22 | +4.4% |  -7616.0 | -56.3%
  128k | 2048 |  +2.89 | +2.7% | -15744.0 | -60.6%
  128k | 4096 |  +4.68 | +1.9% | -32000.0 | -62.8%
  256k |  512 |  +0.36 | +0.9% | -11216.2 | -70.1%
  256k | 1024 |  +0.61 | +0.8% | -23456.5 | -77.2%
  256k | 2048 |  -1.57 | -1.0% | -47937.0 | -81.0%
  256k | 4096 | -11.81 | -3.2% | -96898.0 | -82.9%